{"level":"error","message":"Fri Nov 24 2023 11:22:00 GMT+0530 (India Standard Time)-{\"name\":\"Data Not found\",\"statusCode\":{},\"isOperational\":true}","private":true}
{"level":"error","message":"Fri Nov 24 2023 17:20:39 GMT+0530 (India Standard Time)-{\"name\":\"Data Not found\",\"statusCode\":{},\"isOperational\":true}","private":true}
{"level":"error","message":"Fri Nov 24 2023 17:24:46 GMT+0530 (India Standard Time)-{\"name\":\"Data Not found\",\"statusCode\":{},\"isOperational\":true}","private":true}
{"level":"error","message":"Fri Nov 24 2023 17:42:56 GMT+0530 (India Standard Time)-{\"name\":\"Data Not found\",\"statusCode\":{},\"isOperational\":true}","private":true}
{"level":"error","message":"Fri Nov 24 2023 17:44:41 GMT+0530 (India Standard Time)-{\"name\":\"Data Not found\",\"statusCode\":{},\"isOperational\":true}","private":true}
{"level":"error","message":"Fri Nov 24 2023 17:45:54 GMT+0530 (India Standard Time)-{\"name\":\"Data Not found\",\"statusCode\":{\"name\":\"API Error\",\"statusCode\":500,\"isOperational\":true},\"isOperational\":true}","private":true}
{"level":"error","message":"Fri Nov 24 2023 17:50:15 GMT+0530 (India Standard Time)-{\"name\":\"Data Not found\",\"statusCode\":{\"name\":\"API Error\",\"statusCode\":500,\"isOperational\":true},\"isOperational\":true}","private":true}
{"level":"error","message":"Fri Nov 24 2023 17:52:24 GMT+0530 (India Standard Time)-{\"name\":\"Data Not found\",\"statusCode\":{\"name\":\"API Error\",\"statusCode\":500,\"isOperational\":true},\"isOperational\":true}","private":true}
{"level":"error","message":"Fri Nov 24 2023 17:54:51 GMT+0530 (India Standard Time)-{\"name\":\"Data Not found\",\"statusCode\":{\"name\":\"API Error\",\"statusCode\":500,\"isOperational\":true},\"isOperational\":true}","private":true}
{"level":"error","message":"Fri Nov 24 2023 18:03:34 GMT+0530 (India Standard Time)-{\"name\":\"Data Not found\",\"statusCode\":{\"name\":\"API Error\",\"statusCode\":500,\"isOperational\":true},\"isOperational\":true}","private":true}
{"level":"error","message":"Fri Nov 24 2023 18:50:05 GMT+0530 (India Standard Time)-{\"name\":\"Data Not found\",\"statusCode\":{\"name\":\"API Error\",\"statusCode\":500,\"isOperational\":true},\"isOperational\":true}","private":true}
{"level":"error","message":"Fri Nov 24 2023 18:54:33 GMT+0530 (India Standard Time)-{\"name\":\"Data Not found\",\"statusCode\":{\"name\":\"API Error\",\"statusCode\":500,\"isOperational\":true},\"isOperational\":true}","private":true}
{"level":"error","message":"Fri Nov 24 2023 18:56:08 GMT+0530 (India Standard Time)-{\"name\":\"Data Not found\",\"statusCode\":{\"name\":\"API Error\",\"statusCode\":500,\"isOperational\":true},\"isOperational\":true}","private":true}
{"level":"error","message":"Fri Nov 24 2023 18:57:17 GMT+0530 (India Standard Time)-{\"name\":\"Data Not found\",\"statusCode\":{},\"isOperational\":true}","private":true}
{"level":"error","message":"Fri Nov 24 2023 19:00:07 GMT+0530 (India Standard Time)-{\"name\":\"Data Not found\",\"statusCode\":{},\"isOperational\":true}","private":true}
{"level":"error","message":"Fri Nov 24 2023 19:02:06 GMT+0530 (India Standard Time)-{\"name\":\"Data Not found\",\"statusCode\":{},\"isOperational\":true}","private":true}
{"level":"error","message":"Fri Nov 24 2023 19:05:02 GMT+0530 (India Standard Time)-{\"name\":\"Data Not found\",\"statusCode\":{},\"isOperational\":true}","private":true}
{"level":"error","message":"Fri Nov 24 2023 19:06:01 GMT+0530 (India Standard Time)-{\"name\":\"Data Not found\",\"statusCode\":{},\"isOperational\":true}","private":true}
{"level":"error","message":"Fri Nov 24 2023 19:08:46 GMT+0530 (India Standard Time)-{\"name\":\"Data Not found\",\"statusCode\":{},\"isOperational\":true}","private":true}
{"level":"error","message":"Fri Nov 24 2023 19:10:55 GMT+0530 (India Standard Time)-{\"name\":\"Data Not found\",\"statusCode\":{},\"isOperational\":true}","private":true}
{"level":"error","message":"Fri Nov 24 2023 19:13:10 GMT+0530 (India Standard Time)-{\"name\":\"Data Not found\",\"statusCode\":{},\"isOperational\":true}","private":true}
{"level":"error","message":"Fri Nov 24 2023 19:18:15 GMT+0530 (India Standard Time)-{\"name\":\"Data Not found\",\"statusCode\":{},\"isOperational\":true}","private":true}
{"level":"error","message":"Fri Nov 24 2023 19:19:41 GMT+0530 (India Standard Time)-{\"name\":\"Data Not found\",\"statusCode\":{},\"isOperational\":true}","private":true}
{"level":"error","message":"Fri Nov 24 2023 19:21:24 GMT+0530 (India Standard Time)-{\"name\":\"Data Not found\",\"statusCode\":{},\"isOperational\":true}","private":true}
{"level":"error","message":"Fri Nov 24 2023 19:22:28 GMT+0530 (India Standard Time)-{\"name\":\"Data Not found\",\"statusCode\":{},\"isOperational\":true}","private":true}
{"level":"error","message":"Fri Nov 24 2023 19:26:41 GMT+0530 (India Standard Time)-{\"name\":\"Data Not found\",\"statusCode\":{},\"isOperational\":true}","private":true}
{"level":"error","message":"Fri Nov 24 2023 19:29:41 GMT+0530 (India Standard Time)-{\"name\":\"Data Not found\",\"statusCode\":{},\"isOperational\":true}","private":true}
{"level":"error","message":"Fri Nov 24 2023 19:33:58 GMT+0530 (India Standard Time)-{\"name\":\"Data Not found\",\"statusCode\":{},\"isOperational\":true}","private":true}
{"level":"error","message":"Sun Nov 26 2023 12:01:21 GMT+0530 (India Standard Time)-{}","private":true}
{"level":"error","message":"Sun Nov 26 2023 12:02:11 GMT+0530 (India Standard Time)-{}","private":true}
{"level":"error","message":"Sun Nov 26 2023 12:05:27 GMT+0530 (India Standard Time)-{}","private":true}
{"level":"error","message":"Sun Nov 26 2023 12:31:44 GMT+0530 (India Standard Time)-{}","private":true}
{"level":"error","message":"Sun Nov 26 2023 12:39:42 GMT+0530 (India Standard Time)-{}","private":true}
{"level":"error","message":"Sun Nov 26 2023 12:42:05 GMT+0530 (India Standard Time)-{}","private":true}
{"level":"error","message":"Sun Nov 26 2023 12:43:27 GMT+0530 (India Standard Time)-{}","private":true}
{"level":"error","message":"Mon Nov 27 2023 09:20:09 GMT+0530 (India Standard Time)-{\"name\":\"Data Not found\",\"statusCode\":{\"name\":\"API Error\",\"statusCode\":500,\"isOperational\":true},\"isOperational\":true}","private":true}
{"level":"error","message":"Mon Nov 27 2023 09:25:51 GMT+0530 (India Standard Time)-{\"name\":\"Data Not found\",\"statusCode\":{\"name\":\"API Error\",\"statusCode\":500,\"isOperational\":true},\"isOperational\":true}","private":true}
{"level":"error","message":"Mon Nov 27 2023 09:27:43 GMT+0530 (India Standard Time)-{\"name\":\"Data Not found\",\"statusCode\":{\"name\":\"API Error\",\"statusCode\":500,\"isOperational\":true},\"isOperational\":true}","private":true}
{"level":"error","message":"Mon Nov 27 2023 09:31:16 GMT+0530 (India Standard Time)-{\"name\":\"Data Not found\",\"statusCode\":{\"name\":\"API Error\",\"statusCode\":500,\"isOperational\":true},\"isOperational\":true}","private":true}
{"level":"error","message":"Wed Nov 29 2023 14:18:08 GMT+0530 (India Standard Time)-{\"code\":\"EENVELOPE\",\"command\":\"API\"}","private":true}
{"level":"error","message":"Wed Nov 29 2023 19:11:25 GMT+0530 (India Standard Time)-{\"code\":\"EENVELOPE\",\"command\":\"API\"}","private":true}
{"level":"error","message":"Wed Nov 29 2023 20:51:23 GMT+0530 (India Standard Time)-{\"name\":\"Data Not found\",\"statusCode\":{\"name\":\"API Error\",\"statusCode\":500,\"isOperational\":true},\"isOperational\":true}","private":true}
{"level":"error","message":"Thu Nov 30 2023 16:56:19 GMT+0530 (India Standard Time)-{\"code\":\"EAUTH\",\"command\":\"API\"}","private":true}
{"level":"error","message":"Thu Nov 30 2023 17:54:17 GMT+0530 (India Standard Time)-{\"name\":\"Data Not found\",\"statusCode\":{\"name\":\"API Error\",\"statusCode\":500,\"isOperational\":true},\"isOperational\":true}","private":true}
{"level":"error","message":"Thu Nov 30 2023 17:59:52 GMT+0530 (India Standard Time)-{\"name\":\"Data Not found\",\"statusCode\":{\"name\":\"API Error\",\"statusCode\":500,\"isOperational\":true},\"isOperational\":true}","private":true}
{"level":"error","message":"Fri Dec 01 2023 12:45:41 GMT+0530 (India Standard Time)-{\"name\":\"Data Not found\",\"statusCode\":{},\"isOperational\":true}","private":true}
{"level":"error","message":"Fri Dec 01 2023 12:45:53 GMT+0530 (India Standard Time)-{\"name\":\"Data Not found\",\"statusCode\":{},\"isOperational\":true}","private":true}
{"level":"error","message":"Wed Dec 13 2023 19:56:16 GMT+0530 (India Standard Time)-{\"name\":\"Data Not found\",\"statusCode\":{\"name\":\"API Error\",\"statusCode\":500,\"isOperational\":true},\"isOperational\":true}","private":true}
{"level":"error","message":"Wed Dec 13 2023 20:01:05 GMT+0530 (India Standard Time)-{\"code\":\"ERR_HTTP_HEADERS_SENT\"}","private":true}
{"level":"error","message":"Wed Dec 13 2023 20:04:21 GMT+0530 (India Standard Time)-{\"code\":\"ERR_HTTP_HEADERS_SENT\"}","private":true}
{"level":"error","message":"Wed Dec 13 2023 20:09:30 GMT+0530 (India Standard Time)-{\"code\":\"ERR_HTTP_HEADERS_SENT\"}","private":true}
{"level":"error","message":"Wed Dec 13 2023 20:13:30 GMT+0530 (India Standard Time)-{\"code\":\"ERR_HTTP_HEADERS_SENT\"}","private":true}
{"level":"error","message":"Fri Dec 15 2023 19:02:14 GMT+0530 (India Standard Time)-{\"name\":\"Data Not found\",\"statusCode\":{},\"isOperational\":true}","private":true}
{"level":"error","message":"Tue Dec 19 2023 15:10:54 GMT+0530 (India Standard Time)-{\"name\":\"Data Not found\",\"statusCode\":{},\"isOperational\":true}","private":true}
{"level":"error","message":"Tue Dec 19 2023 15:23:45 GMT+0530 (India Standard Time)-{\"name\":\"Data Not found\",\"statusCode\":{},\"isOperational\":true}","private":true}
{"level":"error","message":"Sat Dec 23 2023 09:22:58 GMT+0530 (India Standard Time)-{\"message\":\"request entity too large\",\"expected\":2354482,\"length\":2354482,\"limit\":1048576,\"type\":\"entity.too.large\"}","private":true}
{"level":"error","message":"Sat Dec 23 2023 09:25:07 GMT+0530 (India Standard Time)-{\"code\":\"ERR_HTTP_HEADERS_SENT\"}","private":true}
{"level":"error","message":"Sat Jan 06 2024 14:10:14 GMT+0530 (India Standard Time)-{\"message\":\"request entity too large\",\"expected\":2238366,\"length\":2238366,\"limit\":1048576,\"type\":\"entity.too.large\"}","private":true}
{"level":"error","message":"Sat Jan 06 2024 15:08:48 GMT+0530 (India Standard Time)-{\"code\":\"ERR_HTTP_HEADERS_SENT\"}","private":true}
{"level":"error","message":"Sat Jan 06 2024 15:13:26 GMT+0530 (India Standard Time)-{\"code\":\"ERR_HTTP_HEADERS_SENT\"}","private":true}
{"level":"error","message":"Wed Jan 10 2024 11:19:21 GMT+0530 (India Standard Time)-{\"code\":\"ERR_HTTP_HEADERS_SENT\"}","private":true}
{"level":"error","message":"Wed Jan 10 2024 11:28:26 GMT+0530 (India Standard Time)-{\"name\":\"Data Not found\",\"statusCode\":{\"name\":\"API Error\",\"statusCode\":500,\"isOperational\":true},\"isOperational\":true}","private":true}
{"level":"error","message":"Sat Jan 13 2024 14:12:49 GMT+0530 (India Standard Time)-{\"message\":\"request entity too large\",\"expected\":2416234,\"length\":2416234,\"limit\":1048576,\"type\":\"entity.too.large\"}","private":true}
{"level":"error","message":"Tue Jan 16 2024 15:24:51 GMT+0530 (India Standard Time)-{\"code\":\"EAUTH\",\"command\":\"API\"}","private":true}
{"level":"error","message":"Thu Jan 25 2024 20:57:22 GMT+0530 (India Standard Time)-{\"name\":\"Data Not found\",\"statusCode\":{},\"isOperational\":true}","private":true}
